<?xml version="1.0" encoding="UTF-8"?>
<testng-results skipped="0" failed="0" total="1" passed="1">
  <reporter-output>
  </reporter-output>
  <suite name="RyanairSuite" duration-ms="35378" started-at="2018-02-04T16:07:24Z" finished-at="2018-02-04T16:08:00Z">
    <groups>
    </groups>
    <test name="FlightsTests" duration-ms="35378" started-at="2018-02-04T16:07:24Z" finished-at="2018-02-04T16:08:00Z">
      <class name="com.ryanair.tests.FlightsTests">
        <test-method status="PASS" signature="beforeClass()[pri:0, instance:com.ryanair.tests.FlightsTests@224edc67]" name="beforeClass" is-config="true" duration-ms="8194" started-at="2018-02-04T21:37:25Z" finished-at="2018-02-04T21:37:33Z">
          <reporter-output>
          </reporter-output>
        </test-method> <!-- beforeClass -->
        <test-method status="PASS" signature="testFlights()[pri:0, instance:com.ryanair.tests.FlightsTests@224edc67]" name="testFlights" duration-ms="25795" started-at="2018-02-04T21:37:33Z" finished-at="2018-02-04T21:37:59Z">
          <reporter-output>
          </reporter-output>
        </test-method> <!-- testFlights -->
        <test-method status="PASS" signature="afterTest()[pri:0, instance:com.ryanair.tests.FlightsTests@224edc67]" name="afterTest" is-config="true" duration-ms="1373" started-at="2018-02-04T21:37:59Z" finished-at="2018-02-04T21:38:00Z">
          <reporter-output>
          </reporter-output>
        </test-method> <!-- afterTest -->
      </class> <!-- com.ryanair.tests.FlightsTests -->
    </test> <!-- FlightsTests -->
  </suite> <!-- RyanairSuite -->
</testng-results>
